21:24:32.835 [FXGL Launcher Thread     ] DEBUG FXGL                 - FXGL logger initialized
21:24:32.841 [FXGL Launcher Thread     ] DEBUG FXGL                 - Service <<AudioPlayer>> initialized
21:24:32.845 [FXGL Launcher Thread     ] DEBUG FXGLAssetLoader      - Asset cacheSize=35
21:24:32.846 [FXGL Launcher Thread     ] DEBUG FXGL                 - Service <<AssetLoader>> initialized
21:24:32.847 [FXGL Launcher Thread     ] DEBUG FXGL                 - Service <<EventBus>> initialized
21:24:32.851 [FXGL Launcher Thread     ] DEBUG FXGLAssetLoader      - Loading from disk: /assets/ui/cursors/fxgl_default.png
21:24:32.882 [FXGL Launcher Thread     ] DEBUG FXGLAssetLoader      - Loading from disk: /assets/sounds/core/notification.wav
21:24:32.915 [FXGL Launcher Thread     ] DEBUG FXGLAssetLoader      - Loading from disk: /assets/sounds/menu/select.wav
21:24:32.917 [FXGL Launcher Thread     ] DEBUG FXGLAssetLoader      - Loading from disk: /assets/sounds/menu/back.wav
21:24:32.919 [FXGL Launcher Thread     ] DEBUG FXGLAssetLoader      - Loading from disk: /assets/sounds/menu/press.wav
21:24:32.933 [FXGL Launcher Thread     ] DEBUG FXGLAssetLoader      - Loading from disk: /assets/ui/fonts/Copperplate_Gothic_Light_Regular.ttf
21:24:33.308 [FXGL Launcher Thread     ] DEBUG FXGLAssetLoader      - Loading from disk: /assets/ui/fonts/lucida_console.ttf
21:24:33.333 [FXGL Launcher Thread     ] DEBUG FXGLAssetLoader      - Loading from disk: /assets/ui/css/fxgl_dark.css
21:24:33.334 [FXGL Launcher Thread     ] DEBUG FXGLAssetLoader      - Loading from disk: /assets/ui/icons/fxgl_icon.png
21:24:33.364 [FXGL Launcher Thread     ] DEBUG FXGLDisplay          - Using CSS: CSS(externalForm=jar:file:/C:/Users/the/.m2/repository/com/github/almasb/fxgl/0.3.3/fxgl-0.3.3.jar!/assets/ui/css/fxgl_dark.css)
21:24:33.366 [FXGL Launcher Thread     ] DEBUG FXGL                 - Service <<Display>> initialized
21:24:33.371 [FXGL Launcher Thread     ] DEBUG FXGL                 - Service <<Executor>> initialized
21:24:33.384 [FXGL Launcher Thread     ] DEBUG FXGL                 - Service <<NotificationService>> initialized
21:24:33.385 [FXGL Launcher Thread     ] DEBUG FXGL                 - Service <<Net>> initialized
21:24:33.406 [FXGL Launcher Thread     ] DEBUG FXGL                 - Service <<Gameplay>> initialized
21:24:33.432 [FXGL Launcher Thread     ] DEBUG FXGLPooler           - Default pool size for objects = 128
21:24:33.433 [FXGL Launcher Thread     ] DEBUG FXGL                 - Service <<Pooler>> initialized
21:24:33.436 [FXGL Launcher Thread     ] DEBUG FXGL                 - Service <<ExceptionHandler>> initialized
21:24:33.436 [FXGL Launcher Thread     ] DEBUG FXGL                 - Service <<UIFactory>> initialized
21:24:33.437 [FXGL Launcher Thread     ] DEBUG FXGL                 - Service <<DialogFactory>> initialized
21:24:33.437 [FXGL Launcher Thread     ] DEBUG FXGL                 - Service <<SceneFactory>> initialized
21:24:33.437 [FXGL Launcher Thread     ] DEBUG FXGL                 - Loading FXGL system data
21:24:33.444 [FXGL Launcher Thread     ] DEBUG IOTask               - Executing task: readDataTask(system/fxgl.bundle)
21:24:33.459 [FXGL Launcher Thread     ] DEBUG FS                   - Reading from: system\fxgl.bundle
21:24:33.476 [FXGL Launcher Thread     ] DEBUG IOTask               - Task succeeded: readDataTask(system/fxgl.bundle)
21:24:33.476 [FXGL Launcher Thread     ] DEBUG Bundle               - Logging bundle: FXGL
21:24:33.477 [FXGL Launcher Thread     ] DEBUG Bundle               - FXGL.offline.timer.version.check=2017-06-01T21:23:20.823
21:24:33.477 [FXGL Launcher Thread     ] DEBUG GameApplication      - FXGL configuration complete
21:24:33.478 [FXGL Launcher Thread     ] INFO  GameApplication      - FXGL configuration took:  1.656 sec
21:24:33.481 [FXGL Launcher Thread     ] DEBUG GameApplication      - Logging game settings
Title: StarShips
Version: 0.0
Width: 800
Height: 600
Fullscreen: false
Intro: true
Menus: true
Profiling: true
App Mode: DEVELOPER
Menu Style: FXGL_DEFAULT
Menu Key: ESCAPE
Services: []
21:24:33.501 [FXGL Launcher Thread     ] DEBUG GameApplication      - Configuring GameApplication
21:24:33.502 [FXGL Launcher Thread     ] DEBUG AppStateMachine      - Initializing application states
21:24:33.507 [FXGL Launcher Thread     ] DEBUG FXGLAssetLoader      - Loading from disk: /assets/ui/cursors/fxgl_default.png
21:24:33.514 [FXGL Launcher Thread     ] DEBUG FXGLAssetLoader      - Loading from disk: /assets/ui/cursors/fxgl_default.png
21:24:33.586 [FXGL Launcher Thread     ] DEBUG GameWorld            - Game world initialized
21:24:33.670 [FXGL Launcher Thread     ] DEBUG PhysicsWorld         - Physics world initialized: appHeight=600, physics.ppm=50.0
21:24:33.685 [FXGL Launcher Thread     ] DEBUG FXGLAssetLoader      - Loading from disk: /assets/ui/cursors/fxgl_default.png
21:24:33.721 [FXGL Launcher Thread     ] DEBUG GameScene            - Game scene initialized: 800x600
21:24:33.743 [FXGL Launcher Thread     ] DEBUG FXGLAssetLoader      - Loading from disk: /assets/ui/cursors/fxgl_default.png
21:24:33.761 [FXGL Launcher Thread     ] DEBUG FXGLAssetLoader      - Loading from disk: /assets/ui/cursors/fxgl_default.png
21:24:33.765 [FXGL Launcher Thread     ] DEBUG Menu                 - createMenuBodyMainMenu()
21:24:33.781 [FXGL Launcher Thread     ] DEBUG Menu                 - createOptionsMenu()
21:24:33.792 [FXGL Launcher Thread     ] DEBUG FXGLAssetLoader      - Loading from disk: /assets/ui/cursors/fxgl_default.png
21:24:33.794 [FXGL Launcher Thread     ] DEBUG Menu                 - createMenuBodyGameMenu()
21:24:33.796 [FXGL Launcher Thread     ] DEBUG Menu                 - createOptionsMenu()
21:24:33.803 [FXGL Launcher Thread     ] INFO  GameApplication      - Game configuration took:  0.302 sec
21:24:33.808 [JavaFX Application Thread] DEBUG FXGLDisplay          - Target size: DoubleProperty [value: 800.0] x DoubleProperty [value: 600.0] @ 1.0
21:24:33.808 [JavaFX Application Thread] DEBUG FXGLDisplay          - New size:    800.0 x 600.0 @ DoubleProperty [value: 1.0]
21:24:33.808 [JavaFX Application Thread] DEBUG FXGLDisplay          - Opening primary stage
21:24:33.840 [JavaFX Application Thread] DEBUG FXGLDisplay          - Stage shown
21:24:33.862 [JavaFX Application Thread] DEBUG FXGLDisplay          - Root size: 800.0x600.0
21:24:33.862 [JavaFX Application Thread] DEBUG FXGLDisplay          - Scene size: 800.0x600.0
21:24:33.862 [JavaFX Application Thread] DEBUG FXGLDisplay          - Stage size: 814.6666870117188x637.3333129882812
21:24:33.903 [JavaFX Application Thread] DEBUG GameApplication      - Running preInit()
21:24:33.941 [JavaFX Application Thread] DEBUG Input                - Registered new binding: Screenshot - P
21:24:33.942 [JavaFX Application Thread] DEBUG Input                - Registered new binding: Dev Options - CTRL+0
21:24:33.944 [JavaFX Application Thread] DEBUG MenuEventHandler     - generateDefaultProfile()
21:24:33.944 [JavaFX Application Thread] DEBUG MenuEventHandler     - Creating default profile
21:24:33.945 [JavaFX Application Thread] DEBUG FXGLEventBus         - Firing event: SaveEvent
21:24:33.947 [JavaFX Application Thread] DEBUG FXGLAudioPlayer      - Saving data to profile
21:24:33.947 [JavaFX Application Thread] DEBUG Bundle               - Logging bundle: audio
21:24:33.947 [JavaFX Application Thread] DEBUG Bundle               - audio.musicVolume=0.5
21:24:33.947 [JavaFX Application Thread] DEBUG Bundle               - audio.soundVolume=0.5
21:24:33.947 [JavaFX Application Thread] DEBUG FXGLDisplay          - Saving data to profile
21:24:33.947 [JavaFX Application Thread] DEBUG Bundle               - Logging bundle: scene
21:24:33.947 [JavaFX Application Thread] DEBUG Bundle               - scene.sizeW=800.0
21:24:33.948 [JavaFX Application Thread] DEBUG Bundle               - scene.sizeH=600.0
21:24:33.948 [JavaFX Application Thread] DEBUG Input                - Saving data to profile
21:24:33.948 [JavaFX Application Thread] DEBUG Bundle               - Logging bundle: input
21:24:33.948 [JavaFX Application Thread] DEBUG Bundle               - input.Screenshot=P
21:24:33.948 [JavaFX Application Thread] DEBUG Bundle               - input.Dev Options=CTRL+0
21:24:33.949 [JavaFX Application Thread] DEBUG AchievementManager   - Saving data to profile
21:24:33.949 [JavaFX Application Thread] DEBUG Bundle               - Logging bundle: achievement
21:24:34.019 [JavaFX Application Thread] DEBUG GameApplication      - Starting main loop
21:24:34.024 [JavaFX Application Thread] DEBUG StartupState         - STARTUP
21:24:34.025 [JavaFX Application Thread] DEBUG Input                - Clearing active input actions
21:24:34.025 [JavaFX Application Thread] DEBUG AppStateMachine      - StartupState -> IntroState
21:24:39.614 [JavaFX Application Thread] DEBUG FXGLEventBus         - Firing event: IntroFinishedEvent
21:24:39.615 [JavaFX Application Thread] DEBUG Input                - Clearing active input actions
21:24:39.615 [JavaFX Application Thread] DEBUG AppStateMachine      - IntroState -> MainMenuState
21:24:39.655 [JavaFX Application Thread] DEBUG SaveLoadManager      - Checking profiles dir: profiles/
21:24:39.656 [JavaFX Application Thread] DEBUG SaveLoadManager      - Loading profile names
21:24:39.658 [JavaFX Application Thread] DEBUG IOTask               - Showing dialog
21:24:39.662 [JavaFX Application Thread] DEBUG AppStateMachine      - Push state: DialogSubState
21:24:39.662 [JavaFX Application Thread] DEBUG Input                - Clearing active input actions
21:24:39.662 [JavaFX Application Thread] DEBUG AppStateMachine      - MainMenuState -> DialogSubState
21:24:39.673 [FXGL Background Thread 1 ] DEBUG IOTask               - Executing task: loadDirectoryNamesTask(./profiles/, false)
21:24:39.804 [JavaFX Application Thread] DEBUG IOTask               - succeed(): Dismissing dialog
21:24:39.805 [JavaFX Application Thread] DEBUG AppStateMachine      - Pop state: DialogSubState
21:24:39.805 [JavaFX Application Thread] DEBUG Input                - Clearing active input actions
21:24:39.805 [JavaFX Application Thread] DEBUG AppStateMachine      - MainMenuState <- DialogSubState
21:24:39.805 [JavaFX Application Thread] DEBUG IOTask               - Task succeeded: loadDirectoryNamesTask(./profiles/, false)
21:24:39.810 [JavaFX Application Thread] DEBUG AppStateMachine      - Push state: DialogSubState
21:24:39.810 [JavaFX Application Thread] DEBUG Input                - Clearing active input actions
21:24:39.810 [JavaFX Application Thread] DEBUG AppStateMachine      - MainMenuState -> DialogSubState
21:24:49.652 [JavaFX Application Thread] DEBUG AppStateMachine      - Pop state: DialogSubState
21:24:49.652 [JavaFX Application Thread] DEBUG Input                - Clearing active input actions
21:24:49.652 [JavaFX Application Thread] DEBUG AppStateMachine      - MainMenuState <- DialogSubState
21:24:49.653 [JavaFX Application Thread] DEBUG SaveLoadManager      - Loading profile: asda
21:24:49.654 [JavaFX Application Thread] DEBUG IOTask               - Showing dialog
21:24:49.656 [JavaFX Application Thread] DEBUG AppStateMachine      - Push state: DialogSubState
21:24:49.656 [JavaFX Application Thread] DEBUG Input                - Clearing active input actions
21:24:49.656 [JavaFX Application Thread] DEBUG AppStateMachine      - MainMenuState -> DialogSubState
21:24:49.659 [FXGL Background Thread 1 ] DEBUG IOTask               - Executing task: readDataTask(./profiles/asda/user.profile)
21:24:49.666 [FXGL Background Thread 1 ] DEBUG FS                   - Reading from: .\profiles\asda\user.profile
21:24:49.678 [JavaFX Application Thread] DEBUG IOTask               - succeed(): Dismissing dialog
21:24:49.678 [JavaFX Application Thread] DEBUG AppStateMachine      - Pop state: DialogSubState
21:24:49.678 [JavaFX Application Thread] DEBUG Input                - Clearing active input actions
21:24:49.678 [JavaFX Application Thread] DEBUG AppStateMachine      - MainMenuState <- DialogSubState
21:24:49.679 [JavaFX Application Thread] DEBUG IOTask               - Task succeeded: readDataTask(./profiles/asda/user.profile)
21:24:49.682 [JavaFX Application Thread] DEBUG AppStateMachine      - Push state: DialogSubState
21:24:49.682 [JavaFX Application Thread] DEBUG Input                - Clearing active input actions
21:24:49.682 [JavaFX Application Thread] DEBUG AppStateMachine      - MainMenuState -> DialogSubState
21:24:51.740 [JavaFX Application Thread] DEBUG AppStateMachine      - Pop state: DialogSubState
21:24:51.741 [JavaFX Application Thread] DEBUG Input                - Clearing active input actions
21:24:51.741 [JavaFX Application Thread] DEBUG AppStateMachine      - MainMenuState <- DialogSubState
21:24:51.741 [JavaFX Application Thread] DEBUG SaveLoadManager      - Loading profile names
21:24:51.741 [JavaFX Application Thread] DEBUG IOTask               - Showing dialog
21:24:51.743 [JavaFX Application Thread] DEBUG AppStateMachine      - Push state: DialogSubState
21:24:51.743 [JavaFX Application Thread] DEBUG Input                - Clearing active input actions
21:24:51.743 [JavaFX Application Thread] DEBUG AppStateMachine      - MainMenuState -> DialogSubState
21:24:51.747 [FXGL Background Thread 1 ] DEBUG IOTask               - Executing task: loadDirectoryNamesTask(./profiles/, false)
21:24:51.761 [JavaFX Application Thread] DEBUG IOTask               - succeed(): Dismissing dialog
21:24:51.761 [JavaFX Application Thread] DEBUG AppStateMachine      - Pop state: DialogSubState
21:24:51.762 [JavaFX Application Thread] DEBUG Input                - Clearing active input actions
21:24:51.762 [JavaFX Application Thread] DEBUG AppStateMachine      - MainMenuState <- DialogSubState
21:24:51.762 [JavaFX Application Thread] DEBUG IOTask               - Task succeeded: loadDirectoryNamesTask(./profiles/, false)
21:24:51.764 [JavaFX Application Thread] DEBUG AppStateMachine      - Push state: DialogSubState
21:24:51.764 [JavaFX Application Thread] DEBUG Input                - Clearing active input actions
21:24:51.764 [JavaFX Application Thread] DEBUG AppStateMachine      - MainMenuState -> DialogSubState
21:24:53.037 [JavaFX Application Thread] DEBUG AppStateMachine      - Pop state: DialogSubState
21:24:53.037 [JavaFX Application Thread] DEBUG Input                - Clearing active input actions
21:24:53.037 [JavaFX Application Thread] DEBUG AppStateMachine      - MainMenuState <- DialogSubState
21:24:53.047 [JavaFX Application Thread] DEBUG AppStateMachine      - Push state: DialogSubState
21:24:53.047 [JavaFX Application Thread] DEBUG Input                - Clearing active input actions
21:24:53.047 [JavaFX Application Thread] DEBUG AppStateMachine      - MainMenuState -> DialogSubState
21:25:03.040 [JavaFX Application Thread] DEBUG AppStateMachine      - Pop state: DialogSubState
21:25:03.040 [JavaFX Application Thread] DEBUG Input                - Clearing active input actions
21:25:03.040 [JavaFX Application Thread] DEBUG AppStateMachine      - MainMenuState <- DialogSubState
21:25:03.042 [JavaFX Application Thread] DEBUG MenuEventHandler     - Creating default profile
21:25:03.042 [JavaFX Application Thread] DEBUG FXGLEventBus         - Firing event: SaveEvent
21:25:03.042 [JavaFX Application Thread] DEBUG FXGLAudioPlayer      - Saving data to profile
21:25:03.042 [JavaFX Application Thread] DEBUG Bundle               - Logging bundle: audio
21:25:03.042 [JavaFX Application Thread] DEBUG Bundle               - audio.musicVolume=0.5
21:25:03.042 [JavaFX Application Thread] DEBUG Bundle               - audio.soundVolume=0.5
21:25:03.042 [JavaFX Application Thread] DEBUG FXGLDisplay          - Saving data to profile
21:25:03.042 [JavaFX Application Thread] DEBUG Bundle               - Logging bundle: scene
21:25:03.042 [JavaFX Application Thread] DEBUG Bundle               - scene.sizeW=800.0
21:25:03.042 [JavaFX Application Thread] DEBUG Bundle               - scene.sizeH=600.0
21:25:03.042 [JavaFX Application Thread] DEBUG Input                - Saving data to profile
21:25:03.042 [JavaFX Application Thread] DEBUG Bundle               - Logging bundle: input
21:25:03.042 [JavaFX Application Thread] DEBUG Bundle               - input.Screenshot=P
21:25:03.042 [JavaFX Application Thread] DEBUG Bundle               - input.Dev Options=CTRL+0
21:25:03.042 [JavaFX Application Thread] DEBUG AchievementManager   - Saving data to profile
21:25:03.043 [JavaFX Application Thread] DEBUG Bundle               - Logging bundle: achievement
21:25:03.043 [JavaFX Application Thread] DEBUG SaveLoadManager      - Saving profile: lol
21:25:03.045 [JavaFX Application Thread] DEBUG IOTask               - Executing task: writeDataTask(./profiles/lol/user.profile)
21:25:03.045 [JavaFX Application Thread] DEBUG IOTask               - Executing task: writeDataTask(./profiles/lol/user.profile)
21:25:03.046 [JavaFX Application Thread] DEBUG FS                   - Creating directories to: .\profiles\lol
21:25:03.149 [JavaFX Application Thread] DEBUG FS                   - Writing to: .\profiles\lol\user.profile
21:25:03.193 [JavaFX Application Thread] DEBUG IOTask               - Executing task: checkSavesDir(./profiles/lol/saves/)
21:25:03.195 [JavaFX Application Thread] DEBUG SaveLoadManager      - Creating non-existent saves dir
21:25:03.303 [JavaFX Application Thread] DEBUG IOTask               - Task succeeded: writeDataTask(./profiles/lol/user.profile)
21:25:08.280 [JavaFX Application Thread] DEBUG Menu                 - createContentGameplay()
21:25:10.528 [JavaFX Application Thread] DEBUG Menu                 - createContentControls()
21:25:11.423 [JavaFX Application Thread] DEBUG Menu                 - createContentVideo()
21:25:12.568 [JavaFX Application Thread] DEBUG Menu                 - createContentAudio()
21:25:13.741 [JavaFX Application Thread] DEBUG AppStateMachine      - Push state: DialogSubState
21:25:13.741 [JavaFX Application Thread] DEBUG Input                - Clearing active input actions
21:25:13.741 [JavaFX Application Thread] DEBUG AppStateMachine      - MainMenuState -> DialogSubState
21:25:16.033 [JavaFX Application Thread] DEBUG AppStateMachine      - Pop state: DialogSubState
21:25:16.033 [JavaFX Application Thread] DEBUG Input                - Clearing active input actions
21:25:16.033 [JavaFX Application Thread] DEBUG AppStateMachine      - MainMenuState <- DialogSubState
21:25:16.034 [JavaFX Application Thread] DEBUG MenuEventHandler     - restoreDefaultSettings()
21:25:16.034 [JavaFX Application Thread] DEBUG FXGLEventBus         - Firing event: LoadEvent[type=RESTORE_SETTINGS]
21:25:16.034 [JavaFX Application Thread] DEBUG FXGLAudioPlayer      - Loading data from profile
21:25:16.034 [JavaFX Application Thread] DEBUG Bundle               - Logging bundle: audio
21:25:16.034 [JavaFX Application Thread] DEBUG Bundle               - audio.musicVolume=0.5
21:25:16.034 [JavaFX Application Thread] DEBUG Bundle               - audio.soundVolume=0.5
21:25:16.034 [JavaFX Application Thread] DEBUG FXGLDisplay          - Loading data from profile
21:25:16.035 [JavaFX Application Thread] DEBUG Bundle               - Logging bundle: scene
21:25:16.035 [JavaFX Application Thread] DEBUG Bundle               - scene.sizeW=800.0
21:25:16.035 [JavaFX Application Thread] DEBUG Bundle               - scene.sizeH=600.0
21:25:16.035 [JavaFX Application Thread] DEBUG FXGLDisplay          - Target size: DoubleProperty [value: 800.0] x DoubleProperty [value: 600.0] @ 1.0
21:25:16.035 [JavaFX Application Thread] DEBUG FXGLDisplay          - New size:    800.0 x 600.0 @ DoubleProperty [value: 1.0]
21:25:16.049 [JavaFX Application Thread] DEBUG Input                - Loading data from profile
21:25:16.049 [JavaFX Application Thread] DEBUG Bundle               - Logging bundle: input
21:25:16.049 [JavaFX Application Thread] DEBUG Bundle               - input.Screenshot=P
21:25:16.049 [JavaFX Application Thread] DEBUG Bundle               - input.Dev Options=CTRL+0
21:25:16.049 [JavaFX Application Thread] DEBUG AchievementManager   - Loading data from profile
21:25:16.049 [JavaFX Application Thread] DEBUG Bundle               - Logging bundle: achievement
21:25:20.585 [JavaFX Application Thread] DEBUG Menu                 - fireNewGame()
21:25:20.585 [JavaFX Application Thread] DEBUG GameApplication      - Starting new game
21:25:20.585 [JavaFX Application Thread] DEBUG Input                - Clearing active input actions
21:25:20.585 [JavaFX Application Thread] DEBUG AppStateMachine      - MainMenuState -> LoadingState
21:25:20.591 [FXGL Background Thread 1 ] DEBUG InitAppTask          - Clearing game world
21:25:20.591 [FXGL Background Thread 1 ] DEBUG GameWorld            - Resetting game world
21:25:20.591 [FXGL Background Thread 1 ] DEBUG EntityWorld          - Resetting entity world
21:25:20.593 [FXGL Background Thread 1 ] DEBUG PhysicsWorld         - Resetting physics world
21:25:20.593 [FXGL Background Thread 1 ] DEBUG GameScene            - Resetting game scene
21:25:20.593 [FXGL Background Thread 1 ] DEBUG InitAppTask          - Initializing Assets
21:25:20.594 [FXGL Background Thread 1 ] DEBUG InitAppTask          - Initializing Game
21:25:20.594 [FXGL Background Thread 1 ] DEBUG InitAppTask          - Clearing game state
21:25:22.529 [FXGL Background Thread 1 ] DEBUG InitAppTask          - Initializing Physics
21:25:22.529 [FXGL Background Thread 1 ] DEBUG InitAppTask          - Initializing UI
21:25:22.529 [FXGL Background Thread 1 ] DEBUG InitAppTask          - Initialization Complete
21:25:22.529 [FXGL Background Thread 1 ] INFO  InitAppTask          - Game initialization took: 1.938 sec
21:25:22.541 [JavaFX Application Thread] DEBUG Input                - Clearing active input actions
21:25:22.541 [JavaFX Application Thread] DEBUG AppStateMachine      - LoadingState -> PlayState
21:27:23.553 [JavaFX Application Thread] DEBUG FXGLEventBus         - Firing event: NotificationEvent[message=Screenshot saved]
21:27:25.439 [JavaFX Application Thread] DEBUG FXGLEventBus         - Firing event: NotificationEvent[message=Screenshot saved]
21:27:25.764 [JavaFX Application Thread] DEBUG Input                - Clearing active input actions
21:27:25.764 [JavaFX Application Thread] DEBUG AppStateMachine      - PlayState -> GameMenuState
21:27:28.143 [JavaFX Application Thread] DEBUG Menu                 - fireExitToMainMenu()
21:27:28.144 [JavaFX Application Thread] DEBUG AppStateMachine      - Push state: DialogSubState
21:27:28.145 [JavaFX Application Thread] DEBUG Input                - Clearing active input actions
21:27:28.145 [JavaFX Application Thread] DEBUG AppStateMachine      - GameMenuState -> DialogSubState
21:27:28.895 [JavaFX Application Thread] DEBUG AppStateMachine      - Pop state: DialogSubState
21:27:28.895 [JavaFX Application Thread] DEBUG Input                - Clearing active input actions
21:27:28.895 [JavaFX Application Thread] DEBUG AppStateMachine      - GameMenuState <- DialogSubState
21:27:28.895 [JavaFX Application Thread] DEBUG Input                - Clearing active input actions
21:27:28.895 [JavaFX Application Thread] DEBUG AppStateMachine      - GameMenuState -> MainMenuState
21:27:32.005 [JavaFX Application Thread] DEBUG Menu                 - fireLogout()
21:27:32.007 [JavaFX Application Thread] DEBUG AppStateMachine      - Push state: DialogSubState
21:27:32.007 [JavaFX Application Thread] DEBUG Input                - Clearing active input actions
21:27:32.007 [JavaFX Application Thread] DEBUG AppStateMachine      - MainMenuState -> DialogSubState
21:27:32.759 [JavaFX Application Thread] DEBUG AppStateMachine      - Pop state: DialogSubState
21:27:32.759 [JavaFX Application Thread] DEBUG Input                - Clearing active input actions
21:27:32.760 [JavaFX Application Thread] DEBUG AppStateMachine      - MainMenuState <- DialogSubState
21:27:32.760 [JavaFX Application Thread] DEBUG MenuEventHandler     - Creating default profile
21:27:32.760 [JavaFX Application Thread] DEBUG FXGLEventBus         - Firing event: SaveEvent
21:27:32.760 [JavaFX Application Thread] DEBUG FXGLAudioPlayer      - Saving data to profile
21:27:32.760 [JavaFX Application Thread] DEBUG Bundle               - Logging bundle: audio
21:27:32.760 [JavaFX Application Thread] DEBUG Bundle               - audio.musicVolume=0.5
21:27:32.760 [JavaFX Application Thread] DEBUG Bundle               - audio.soundVolume=0.5
21:27:32.760 [JavaFX Application Thread] DEBUG FXGLDisplay          - Saving data to profile
21:27:32.760 [JavaFX Application Thread] DEBUG Bundle               - Logging bundle: scene
21:27:32.761 [JavaFX Application Thread] DEBUG Bundle               - scene.sizeW=800.0
21:27:32.761 [JavaFX Application Thread] DEBUG Bundle               - scene.sizeH=600.0
21:27:32.761 [JavaFX Application Thread] DEBUG Input                - Saving data to profile
21:27:32.761 [JavaFX Application Thread] DEBUG Bundle               - Logging bundle: input
21:27:32.761 [JavaFX Application Thread] DEBUG Bundle               - input.Screenshot=P
21:27:32.761 [JavaFX Application Thread] DEBUG Bundle               - input.Dev Options=CTRL+0
21:27:32.761 [JavaFX Application Thread] DEBUG AchievementManager   - Saving data to profile
21:27:32.761 [JavaFX Application Thread] DEBUG Bundle               - Logging bundle: achievement
21:27:32.761 [JavaFX Application Thread] DEBUG SaveLoadManager      - Saving profile: lol
21:27:32.761 [JavaFX Application Thread] DEBUG IOTask               - Executing task: writeDataTask(./profiles/lol/user.profile)
21:27:32.761 [JavaFX Application Thread] DEBUG IOTask               - Executing task: writeDataTask(./profiles/lol/user.profile)
21:27:32.785 [JavaFX Application Thread] DEBUG FS                   - Writing to: .\profiles\lol\user.profile
21:27:32.809 [JavaFX Application Thread] DEBUG IOTask               - Executing task: checkSavesDir(./profiles/lol/saves/)
21:27:32.809 [JavaFX Application Thread] DEBUG IOTask               - Task succeeded: writeDataTask(./profiles/lol/user.profile)
21:27:32.810 [JavaFX Application Thread] DEBUG SaveLoadManager      - Loading profile names
21:27:32.810 [JavaFX Application Thread] DEBUG IOTask               - Showing dialog
21:27:32.811 [JavaFX Application Thread] DEBUG AppStateMachine      - Push state: DialogSubState
21:27:32.811 [JavaFX Application Thread] DEBUG Input                - Clearing active input actions
21:27:32.811 [JavaFX Application Thread] DEBUG AppStateMachine      - MainMenuState -> DialogSubState
21:27:32.814 [FXGL Background Thread 2 ] DEBUG IOTask               - Executing task: loadDirectoryNamesTask(./profiles/, false)
21:27:32.826 [JavaFX Application Thread] DEBUG IOTask               - succeed(): Dismissing dialog
21:27:32.826 [JavaFX Application Thread] DEBUG AppStateMachine      - Pop state: DialogSubState
21:27:32.826 [JavaFX Application Thread] DEBUG Input                - Clearing active input actions
21:27:32.826 [JavaFX Application Thread] DEBUG AppStateMachine      - MainMenuState <- DialogSubState
21:27:32.826 [JavaFX Application Thread] DEBUG IOTask               - Task succeeded: loadDirectoryNamesTask(./profiles/, false)
21:27:32.828 [JavaFX Application Thread] DEBUG AppStateMachine      - Push state: DialogSubState
21:27:32.828 [JavaFX Application Thread] DEBUG Input                - Clearing active input actions
21:27:32.828 [JavaFX Application Thread] DEBUG AppStateMachine      - MainMenuState -> DialogSubState
21:27:34.519 [JavaFX Application Thread] DEBUG AppStateMachine      - Pop state: DialogSubState
21:27:34.519 [JavaFX Application Thread] DEBUG Input                - Clearing active input actions
21:27:34.519 [JavaFX Application Thread] DEBUG AppStateMachine      - MainMenuState <- DialogSubState
21:27:34.520 [JavaFX Application Thread] DEBUG SaveLoadManager      - Deleting profile: asda
21:27:34.521 [JavaFX Application Thread] DEBUG IOTask               - Showing dialog
21:27:34.522 [JavaFX Application Thread] DEBUG AppStateMachine      - Push state: DialogSubState
21:27:34.522 [JavaFX Application Thread] DEBUG Input                - Clearing active input actions
21:27:34.522 [JavaFX Application Thread] DEBUG AppStateMachine      - MainMenuState -> DialogSubState
21:27:34.525 [FXGL Background Thread 2 ] DEBUG IOTask               - Executing task: deleteDirectoryTask(./profiles/asda)
21:27:34.529 [FXGL Background Thread 2 ] DEBUG FS                   - Deleting file: .\profiles\asda\user.profile
21:27:34.553 [FXGL Background Thread 2 ] DEBUG FS                   - Deleting file: .\profiles\asda\saves\Readme.txt
21:27:34.573 [FXGL Background Thread 2 ] DEBUG FS                   - Deleting directory: .\profiles\asda\saves
21:27:34.594 [FXGL Background Thread 2 ] DEBUG FS                   - Deleting directory: .\profiles\asda
21:27:34.613 [JavaFX Application Thread] DEBUG IOTask               - succeed(): Dismissing dialog
21:27:34.613 [JavaFX Application Thread] DEBUG AppStateMachine      - Pop state: DialogSubState
21:27:34.613 [JavaFX Application Thread] DEBUG Input                - Clearing active input actions
21:27:34.613 [JavaFX Application Thread] DEBUG AppStateMachine      - MainMenuState <- DialogSubState
21:27:34.614 [JavaFX Application Thread] DEBUG IOTask               - Task succeeded: deleteDirectoryTask(./profiles/asda)
21:27:34.615 [JavaFX Application Thread] DEBUG SaveLoadManager      - Loading profile names
21:27:34.616 [JavaFX Application Thread] DEBUG IOTask               - Showing dialog
21:27:34.616 [JavaFX Application Thread] DEBUG AppStateMachine      - Push state: DialogSubState
21:27:34.617 [JavaFX Application Thread] DEBUG Input                - Clearing active input actions
21:27:34.617 [JavaFX Application Thread] DEBUG AppStateMachine      - MainMenuState -> DialogSubState
21:27:34.621 [FXGL Background Thread 2 ] DEBUG IOTask               - Executing task: loadDirectoryNamesTask(./profiles/, false)
21:27:34.640 [JavaFX Application Thread] DEBUG IOTask               - succeed(): Dismissing dialog
21:27:34.640 [JavaFX Application Thread] DEBUG AppStateMachine      - Pop state: DialogSubState
21:27:34.640 [JavaFX Application Thread] DEBUG Input                - Clearing active input actions
21:27:34.640 [JavaFX Application Thread] DEBUG AppStateMachine      - MainMenuState <- DialogSubState
21:27:34.641 [JavaFX Application Thread] DEBUG IOTask               - Task succeeded: loadDirectoryNamesTask(./profiles/, false)
21:27:34.642 [JavaFX Application Thread] DEBUG AppStateMachine      - Push state: DialogSubState
21:27:34.642 [JavaFX Application Thread] DEBUG Input                - Clearing active input actions
21:27:34.642 [JavaFX Application Thread] DEBUG AppStateMachine      - MainMenuState -> DialogSubState
21:27:35.446 [JavaFX Application Thread] DEBUG AppStateMachine      - Pop state: DialogSubState
21:27:35.446 [JavaFX Application Thread] DEBUG Input                - Clearing active input actions
21:27:35.446 [JavaFX Application Thread] DEBUG AppStateMachine      - MainMenuState <- DialogSubState
21:27:35.447 [JavaFX Application Thread] DEBUG SaveLoadManager      - Deleting profile: lol
21:27:35.447 [JavaFX Application Thread] DEBUG IOTask               - Showing dialog
21:27:35.448 [JavaFX Application Thread] DEBUG AppStateMachine      - Push state: DialogSubState
21:27:35.448 [JavaFX Application Thread] DEBUG Input                - Clearing active input actions
21:27:35.448 [JavaFX Application Thread] DEBUG AppStateMachine      - MainMenuState -> DialogSubState
21:27:35.450 [FXGL Background Thread 2 ] DEBUG IOTask               - Executing task: deleteDirectoryTask(./profiles/lol)
21:27:35.451 [FXGL Background Thread 2 ] DEBUG FS                   - Deleting file: .\profiles\lol\user.profile
21:27:35.466 [FXGL Background Thread 2 ] DEBUG FS                   - Deleting file: .\profiles\lol\saves\Readme.txt
21:27:35.478 [FXGL Background Thread 2 ] DEBUG FS                   - Deleting directory: .\profiles\lol\saves
21:27:35.491 [FXGL Background Thread 2 ] DEBUG FS                   - Deleting directory: .\profiles\lol
21:27:35.509 [JavaFX Application Thread] DEBUG IOTask               - succeed(): Dismissing dialog
21:27:35.510 [JavaFX Application Thread] DEBUG AppStateMachine      - Pop state: DialogSubState
21:27:35.510 [JavaFX Application Thread] DEBUG Input                - Clearing active input actions
21:27:35.510 [JavaFX Application Thread] DEBUG AppStateMachine      - MainMenuState <- DialogSubState
21:27:35.510 [JavaFX Application Thread] DEBUG IOTask               - Task succeeded: deleteDirectoryTask(./profiles/lol)
21:27:35.510 [JavaFX Application Thread] DEBUG SaveLoadManager      - Loading profile names
21:27:35.510 [JavaFX Application Thread] DEBUG IOTask               - Showing dialog
21:27:35.511 [JavaFX Application Thread] DEBUG AppStateMachine      - Push state: DialogSubState
21:27:35.512 [JavaFX Application Thread] DEBUG Input                - Clearing active input actions
21:27:35.512 [JavaFX Application Thread] DEBUG AppStateMachine      - MainMenuState -> DialogSubState
21:27:35.515 [FXGL Background Thread 2 ] DEBUG IOTask               - Executing task: loadDirectoryNamesTask(./profiles/, false)
21:27:35.526 [JavaFX Application Thread] DEBUG IOTask               - succeed(): Dismissing dialog
21:27:35.526 [JavaFX Application Thread] DEBUG AppStateMachine      - Pop state: DialogSubState
21:27:35.526 [JavaFX Application Thread] DEBUG Input                - Clearing active input actions
21:27:35.527 [JavaFX Application Thread] DEBUG AppStateMachine      - MainMenuState <- DialogSubState
21:27:35.527 [JavaFX Application Thread] DEBUG IOTask               - Task succeeded: loadDirectoryNamesTask(./profiles/, false)
21:27:35.528 [JavaFX Application Thread] DEBUG AppStateMachine      - Push state: DialogSubState
21:27:35.528 [JavaFX Application Thread] DEBUG Input                - Clearing active input actions
21:27:35.528 [JavaFX Application Thread] DEBUG AppStateMachine      - MainMenuState -> DialogSubState
